Build started 21.2.2016 11:15:53.
Project "C:\Users\infodba\Desktop\wfhandler21.2\wfhandler.vcxproj" on node 2 (build target(s)).
InitializeBuildStatus:
  Touching "Debug\TPV_Rozdel_Stredisko_TC10.unsuccessfulbuild".
ClCompile:
  All outputs are up-to-date.
Link:
  c:\Program Files (x86)\Microsoft Visual Studio 10.0\VC\bin\link.exe /ERRORREPORT:PROMPT /OUT:"C:\Users\infodba\Desktop\wfhandler21.2\Debug\TPV_Rozdel_Stredisko_TC10.exe" /NOLOGO "C:\SPLM\TC\lib\*.lib" kernel32.lib user32.lib gdi32.lib winspool.lib comdlg32.lib advapi32.lib shell32.lib ole32.lib oleaut32.lib uuid.lib odbc32.lib odbccp32.lib /MANIFEST /ManifestFile:"Debug\TPV_Rozdel_Stredisko_TC10.exe.intermediate.manifest" /MANIFESTUAC:"level='asInvoker' uiAccess='false'" /DEBUG /PDB:"C:\Users\infodba\Desktop\wfhandler21.2\Debug\TPV_Rozdel_Stredisko_TC10.pdb" /TLBID:1 /DYNAMICBASE /NXCOMPAT /IMPLIB:"C:\Users\infodba\Desktop\wfhandler21.2\Debug\TPV_Rozdel_Stredisko_TC10.lib" /MACHINE:X86 Debug\source.obj
     Creating library C:\Users\infodba\Desktop\wfhandler21.2\Debug\TPV_Rozdel_Stredisko_TC10.lib and object C:\Users\infodba\Desktop\wfhandler21.2\Debug\TPV_Rozdel_Stredisko_TC10.exp
LINK : fatal error LNK1561: entry point must be defined
Done Building Project "C:\Users\infodba\Desktop\wfhandler21.2\wfhandler.vcxproj" (build target(s)) -- FAILED.

Build FAILED.

Time Elapsed 00:00:00.81
