Build started 11. 1. 2019 15:11:29.
     1>Project "C:\Users\infodba\Desktop\wfhandler-pdf\wfhandler.vcxproj" on node 2 (build target(s)).
     1>InitializeBuildStatus:
         Touching "Debug\TPV_MAKE_PDF_TC11.unsuccessfulbuild".
       ClCompile:
         All outputs are up-to-date.
       Link:
         c:\VisualStudio10.0\VC\bin\link.exe /ERRORREPORT:PROMPT /OUT:"C:\Users\infodba\Desktop\wfhandler-pdf\Debug\TPV_MAKE_PDF_TC11.exe" /NOLOGO "C:\SPLM\TC\lib\*.lib" kernel32.lib user32.lib gdi32.lib winspool.lib comdlg32.lib advapi32.lib shell32.lib ole32.lib oleaut32.lib uuid.lib odbc32.lib odbccp32.lib /MANIFEST /ManifestFile:"Debug\TPV_MAKE_PDF_TC11.exe.intermediate.manifest" /MANIFESTUAC:"level='asInvoker' uiAccess='false'" /DEBUG /PDB:"C:\Users\infodba\Desktop\wfhandler-pdf\Debug\TPV_MAKE_PDF_TC11.pdb" /TLBID:1 /DYNAMICBASE /NXCOMPAT /IMPLIB:"C:\Users\infodba\Desktop\wfhandler-pdf\Debug\TPV_MAKE_PDF_TC11.lib" /MACHINE:X86 Debug\source.obj
            Creating library C:\Users\infodba\Desktop\wfhandler-pdf\Debug\TPV_MAKE_PDF_TC11.lib and object C:\Users\infodba\Desktop\wfhandler-pdf\Debug\TPV_MAKE_PDF_TC11.exp
     1>LINK : fatal error LNK1561: entry point must be defined
     1>Done Building Project "C:\Users\infodba\Desktop\wfhandler-pdf\wfhandler.vcxproj" (build target(s)) -- FAILED.

Build FAILED.

Time Elapsed 00:00:00.20
